<html>
<body>
<pre>
<h1>Vision Build Log</h1>
<h2>Project:</h2>
D:\电子设计课程设计\edld-wave\project.uvproj
Project File Date:  07/11/2018

<h2>Output:</h2>
Build target 'Target 1'
compiling delay.c...
compiling key.c...
compiling main.c...
compiling pcf8591.c...
SRC\PCF8591.C(75): error C141: syntax error near ')'
SRC\PCF8591.C(75): error C236: '_SendNextData': different length of parameter lists
SRC\PCF8591.C(76): error C272: 'asm/endasm' requires src-control to be active
compiling timer.c...
Target not created
Build target 'Target 1'
compiling delay.c...
compiling key.c...
compiling main.c...
compiling pcf8591.c...
SRC\PCF8591.C(75): error C141: syntax error near ')'
SRC\PCF8591.C(75): error C236: '_SendNextData': different length of parameter lists
compiling timer.c...
Target not created
Build target 'Target 1'
compiling delay.c...
compiling key.c...
compiling main.c...
compiling pcf8591.c...
compiling timer.c...
linking...
Program Size: data=93.0 xdata=0 code=2909
creating hex file from "edld-wave"...
"edld-wave" - 0 Error(s), 0 Warning(s).
